<?xml version="1.0" encoding="UTF-8"?>
<testsuite name="TestSuite" time="97.902" tests="1" errors="0" skipped="0" failures="1">
  <properties>
    <property name="java.runtime.name" value="Java(TM) SE Runtime Environment"/>
    <property name="sun.boot.library.path" value="C:\Program Files\Java\jre1.8.0_144\bin"/>
    <property name="java.vm.version" value="25.144-b01"/>
    <property name="java.vm.vendor" value="Oracle Corporation"/>
    <property name="maven.multiModuleProjectDirectory" value="D:\Amex Track1\AmexTrack1"/>
    <property name="java.vendor.url" value="http://java.oracle.com/"/>
    <property name="path.separator" value=";"/>
    <property name="guice.disable.misplaced.annotation.check" value="true"/>
    <property name="java.vm.name" value="Java HotSpot(TM) 64-Bit Server VM"/>
    <property name="file.encoding.pkg" value="sun.io"/>
    <property name="user.script" value=""/>
    <property name="user.country" value="IN"/>
    <property name="sun.java.launcher" value="SUN_STANDARD"/>
    <property name="sun.os.patch.level" value="Service Pack 1"/>
    <property name="java.vm.specification.name" value="Java Virtual Machine Specification"/>
    <property name="user.dir" value="D:\Amex Track1\AmexTrack1"/>
    <property name="java.runtime.version" value="1.8.0_144-b01"/>
    <property name="java.awt.graphicsenv" value="sun.awt.Win32GraphicsEnvironment"/>
    <property name="java.endorsed.dirs" value="C:\Program Files\Java\jre1.8.0_144\lib\endorsed"/>
    <property name="os.arch" value="amd64"/>
    <property name="java.io.tmpdir" value="C:\Users\User\AppData\Local\Temp\"/>
    <property name="line.separator" value="&#10;"/>
    <property name="java.vm.specification.vendor" value="Oracle Corporation"/>
    <property name="user.variant" value=""/>
    <property name="os.name" value="Windows 7"/>
    <property name="classworlds.conf" value="C:\Users\User\workspace\.metadata\.plugins\org.eclipse.m2e.launching\launches\m2conf2011781436200101553.tmp"/>
    <property name="sun.jnu.encoding" value="Cp1252"/>
    <property name="java.library.path" value="C:\Program Files\Java\jre1.8.0_144\bin;C:\Windows\Sun\Java\bin;C:\Windows\system32;C:\Windows;C:/Program Files/Java/jre1.8.0_151/bin/server;C:/Program Files/Java/jre1.8.0_151/bin;C:/Program Files/Java/jre1.8.0_151/lib/amd64;C:\ProgramData\Oracle\Java\javapath;c:\Program Files (x86)\Intel\iCLS Client\;c:\Program Files\Intel\iCLS Client\;C:\Windows\system32;C:\Windows;C:\Windows\System32\Wbem;C:\Windows\System32\WindowsPowerShell\v1.0\;C:\Program Files\Intel\Intel(R) Management Engine Components\DAL;C:\Program Files\Intel\Intel(R) Management Engine Components\IPT;C:\Program Files (x86)\Intel\Intel(R) Management Engine Components\DAL;C:\Program Files (x86)\Intel\Intel(R) Management Engine Components\IPT;c:\Program Files\WIDCOMM\Bluetooth Software\;c:\Program Files\WIDCOMM\Bluetooth Software\syswow64;C:\Program Files\Java\jdk1.8.0;C:\Program Files\Git\bin;D:\apache-maven-3.5.2\bin;C:\Program Files\nodejs\;C:\Users\User\AppData\Local\Android\Sdk\tools;C:\Users\User\AppData\Local\Android\Sdk\platform-tools;C:\Users\User\Desktop\SVP Project\SVP\libs;D:\eclipse;;."/>
    <property name="java.specification.name" value="Java Platform API Specification"/>
    <property name="java.class.version" value="52.0"/>
    <property name="sun.management.compiler" value="HotSpot 64-Bit Tiered Compilers"/>
    <property name="os.version" value="6.1"/>
    <property name="user.home" value="C:\Users\User"/>
    <property name="user.timezone" value="Asia/Calcutta"/>
    <property name="java.awt.printerjob" value="sun.awt.windows.WPrinterJob"/>
    <property name="java.specification.version" value="1.8"/>
    <property name="file.encoding" value="Cp1252"/>
    <property name="user.name" value="User"/>
    <property name="java.class.path" value="/D:/eclipse/plugins/org.eclipse.m2e.maven.runtime_1.7.0.20160603-1931/jars/plexus-classworlds-2.5.2.jar"/>
    <property name="java.vm.specification.version" value="1.8"/>
    <property name="sun.arch.data.model" value="64"/>
    <property name="java.home" value="C:\Program Files\Java\jre1.8.0_144"/>
    <property name="sun.java.command" value="org.codehaus.plexus.classworlds.launcher.Launcher -B test"/>
    <property name="java.specification.vendor" value="Oracle Corporation"/>
    <property name="user.language" value="en"/>
    <property name="awt.toolkit" value="sun.awt.windows.WToolkit"/>
    <property name="java.vm.info" value="mixed mode"/>
    <property name="java.version" value="1.8.0_144"/>
    <property name="java.ext.dirs" value="C:\Program Files\Java\jre1.8.0_144\lib\ext;C:\Windows\Sun\Java\lib\ext"/>
    <property name="sun.boot.class.path" value="C:\Program Files\Java\jre1.8.0_144\lib\resources.jar;C:\Program Files\Java\jre1.8.0_144\lib\rt.jar;C:\Program Files\Java\jre1.8.0_144\lib\sunrsasign.jar;C:\Program Files\Java\jre1.8.0_144\lib\jsse.jar;C:\Program Files\Java\jre1.8.0_144\lib\jce.jar;C:\Program Files\Java\jre1.8.0_144\lib\charsets.jar;C:\Program Files\Java\jre1.8.0_144\lib\jfr.jar;C:\Program Files\Java\jre1.8.0_144\classes"/>
    <property name="java.vendor" value="Oracle Corporation"/>
    <property name="maven.home" value="D:\Amex Track1\AmexTrack1\EMBEDDED"/>
    <property name="file.separator" value="\"/>
    <property name="java.vendor.url.bug" value="http://bugreport.sun.com/bugreport/"/>
    <property name="sun.cpu.endian" value="little"/>
    <property name="sun.io.unicode.encoding" value="UnicodeLittle"/>
    <property name="sun.desktop" value="windows"/>
    <property name="sun.cpu.isalist" value="amd64"/>
  </properties>
  <testcase name="checkHome" classname="Test.Initiate" time="97.902">
    <failure message="Failed to decode response from marionette&#10;Build info: version: &apos;3.5.3&apos;, revision: &apos;a88d25fe6b&apos;, time: &apos;2017-08-29T12:42:44.417Z&apos;&#10;System info: host: &apos;RCCHN0102&apos;, ip: &apos;10.22.175.187&apos;, os.name: &apos;Windows 7&apos;, os.arch: &apos;amd64&apos;, os.version: &apos;6.1&apos;, java.version: &apos;1.8.0_144&apos;&#10;Driver info: org.openqa.selenium.firefox.FirefoxDriver&#10;Capabilities [{moz:profile=C:\Users\User\AppData\Local\Temp\rust_mozprofile.hkdBvhWq8tTy, rotatable=false, timeouts={implicit=0, pageLoad=300000, script=30000}, pageLoadStrategy=normal, moz:headless=false, platform=XP, specificationLevel=0, moz:accessibilityChecks=false, acceptInsecureCerts=true, browserVersion=56.0.1, platformVersion=6.1, moz:processID=25220, browserName=firefox, javascriptEnabled=true, platformName=XP}]&#10;Session ID: e1651742-2781-44ab-b13f-18705178f834&#10;*** Element info: {Using=xpath, value=//input[@value=&apos;Confirm&apos;]}" type="org.openqa.selenium.WebDriverException">org.openqa.selenium.WebDriverException: Failed to decode response from marionette
Build info: version: '3.5.3', revision: 'a88d25fe6b', time: '2017-08-29T12:42:44.417Z'
System info: host: 'RCCHN0102', ip: '10.22.175.187', os.name: 'Windows 7', os.arch: 'amd64', os.version: '6.1', java.version: '1.8.0_144'
Driver info: org.openqa.selenium.firefox.FirefoxDriver
Capabilities [{moz:profile=C:\Users\User\AppData\Local\Temp\rust_mozprofile.hkdBvhWq8tTy, rotatable=false, timeouts={implicit=0, pageLoad=300000, script=30000}, pageLoadStrategy=normal, moz:headless=false, platform=XP, specificationLevel=0, moz:accessibilityChecks=false, acceptInsecureCerts=true, browserVersion=56.0.1, platformVersion=6.1, moz:processID=25220, browserName=firefox, javascriptEnabled=true, platformName=XP}]
Session ID: e1651742-2781-44ab-b13f-18705178f834
*** Element info: {Using=xpath, value=//input[@value='Confirm']}
	at sun.reflect.NativeConstructorAccessorImpl.newInstance0(Native Method)
	at sun.reflect.NativeConstructorAccessorImpl.newInstance(Unknown Source)
	at sun.reflect.DelegatingConstructorAccessorImpl.newInstance(Unknown Source)
	at java.lang.reflect.Constructor.newInstance(Unknown Source)
	at org.openqa.selenium.remote.http.W3CHttpResponseCodec.createException(W3CHttpResponseCodec.java:185)
	at org.openqa.selenium.remote.http.W3CHttpResponseCodec.decode(W3CHttpResponseCodec.java:120)
	at org.openqa.selenium.remote.http.W3CHttpResponseCodec.decode(W3CHttpResponseCodec.java:49)
	at org.openqa.selenium.remote.HttpCommandExecutor.execute(HttpCommandExecutor.java:164)
	at org.openqa.selenium.remote.service.DriverCommandExecutor.execute(DriverCommandExecutor.java:82)
	at org.openqa.selenium.remote.RemoteWebDriver.execute(RemoteWebDriver.java:646)
	at org.openqa.selenium.remote.RemoteWebDriver.findElement(RemoteWebDriver.java:416)
	at org.openqa.selenium.remote.RemoteWebDriver.findElementByXPath(RemoteWebDriver.java:518)
	at org.openqa.selenium.By$ByXPath.findElement(By.java:361)
	at org.openqa.selenium.remote.RemoteWebDriver.findElement(RemoteWebDriver.java:408)
	at Test.Browser$4.apply(Browser.java:1123)
	at Test.Browser$4.apply(Browser.java:1)
	at org.openqa.selenium.support.ui.FluentWait.until(FluentWait.java:209)
	at Test.Browser.waitForPageElementToLoad(Browser.java:1116)
	at Test.Browser.waitForPageElementToLoad(Browser.java:1098)
	at Test.Browser.findTheElement(Browser.java:237)
	at Test.BatchUploads.uploadFile(BatchUploads.java:298)
	at Test.BatchUploads.executeAll(BatchUploads.java:32)
	at Test.Initiate.batchupload(Initiate.java:90)
	at Test.Initiate.checkHome(Initiate.java:72)
</failure>
    <system-out><![CDATA[[TestNGContentHandler] [WARN] It is strongly recommended to add "<!DOCTYPE suite SYSTEM "http://testng.org/testng-1.0.dtd" >" at the top of your file, otherwise TestNG may fail or not work as expected.
...
... TestNG 6.11 by CÃ©dric Beust (cedric@beust.com)
...

]]></system-out>
    <system-err><![CDATA[1519125435257	geckodriver	INFO	geckodriver 0.18.0
1519125435265	geckodriver	INFO	Listening on 127.0.0.1:36848
1519125435980	geckodriver::marionette	INFO	Starting browser C:\Program Files\Mozilla Firefox\firefox.exe with args ["-marionette"]
1519125436237	addons.xpi	WARN	Error parsing extensions state: [Exception... "Component returned failure code: 0x80520012 (NS_ERROR_FILE_NOT_FOUND) [amIAddonManagerStartup.readStartupData]"  nsresult: "0x80520012 (NS_ERROR_FILE_NOT_FOUND)"  location: "JS frame :: resource://gre/modules/addons/XPIProvider.jsm :: loadExtensionState :: line 1554"  data: no] Stack trace: loadExtensionState()@resource://gre/modules/addons/XPIProvider.jsm:1554 < getInstallState()@resource://gre/modules/addons/XPIProvider.jsm:1589 < checkForChanges()@resource://gre/modules/addons/XPIProvider.jsm:3109 < startup()@resource://gre/modules/addons/XPIProvider.jsm:2188 < callProvider()@resource://gre/modules/AddonManager.jsm:269 < _startProvider()@resource://gre/modules/AddonManager.jsm:739 < startup()@resource://gre/modules/AddonManager.jsm:906 < startup()@resource://gre/modules/AddonManager.jsm:3090 < observe()@jar:file:///C:/Program%20Files/Mozilla%20Firefox/omni.ja!/components/addonManager.js:65
1519125437154	Marionette	INFO	Enabled via --marionette
Unable to read VR Path Registry from C:\Users\User\AppData\Local\openvr\openvrpaths.vrpath
[Parent 25220] WARNING: pipe error: 109: file z:/build/build/src/ipc/chromium/src/chrome/common/ipc_channel_win.cc, line 346
Unable to read VR Path Registry from C:\Users\User\AppData\Local\openvr\openvrpaths.vrpath
[Child 20680] WARNING: pipe error: 109: file z:/build/build/src/ipc/chromium/src/chrome/common/ipc_channel_win.cc, line 346
1519125440282	Marionette	INFO	Listening on port 50522
1519125441219	Marionette	WARN	TLS certificate errors will be ignored for this session
1519125441265	Marionette	DEBUG	Register listener.js for window 6442450945
Feb 20, 2018 4:47:21 PM org.openqa.selenium.remote.ProtocolHandshake createSession
INFO: Detected dialect: W3C
1519125441367	Marionette	DEBUG	Received DOM event "beforeunload" for "about:blank"
1519125442216	Marionette	DEBUG	Received DOM event "pagehide" for "about:blank"
1519125442217	Marionette	DEBUG	Received DOM event "unload" for "about:blank"
1519125462424	Marionette	DEBUG	Received DOM event "DOMContentLoaded" for "http://96.90.100.123:8080/SupplierManagement/user/RcBackdoor-login"
1519125463006	Marionette	DEBUG	Received DOM event "pageshow" for "http://96.90.100.123:8080/SupplierManagement/user/RcBackdoor-login"
1519125464390	Marionette	DEBUG	Canceled page load listener because no navigation has been detected
[Browser] [ERROR] Unable to find element with locator xpath=//*[@id='batch-basic-info']/div[2]/div/div[2]/div[7]/input[2]. Trying to wait for element to load.
Unable to read VR Path Registry from C:\Users\User\AppData\Local\openvr\openvrpaths.vrpath
JavaScript error: http://96.90.100.123:8080/SupplierManagement/home, line 22: ReferenceError: $ is not defined
1519125484243	Marionette	DEBUG	Canceled page load listener because no navigation has been detected
1519125484951	Marionette	DEBUG	Canceled page load listener because no navigation has been detected
1519125485238	Marionette	DEBUG	Canceled page load listener because no navigation has been detected
1519125485750	Marionette	DEBUG	Canceled page load listener because no navigation has been detected
1519125486040	Marionette	DEBUG	Canceled page load listener because no navigation has been detected
1519125487406	Marionette	DEBUG	Canceled page load listener because no navigation has been detected
1519125487827	Marionette	DEBUG	Canceled page load listener because no navigation has been detected
1519125488158	Marionette	DEBUG	Canceled page load listener because no navigation has been detected
1519125488487	Marionette	DEBUG	Canceled page load listener because no navigation has been detected
1519125488839	Marionette	DEBUG	Canceled page load listener because no navigation has been detected
1519125489338	Marionette	DEBUG	Canceled page load listener because no navigation has been detected
1519125491962	Marionette	DEBUG	Canceled page load listener because no navigation has been detected
1519125492237	Marionette	DEBUG	Canceled page load listener because no navigation has been detected
1519125494626	Marionette	DEBUG	Canceled page load listener because no navigation has been detected
[Browser] [ERROR] Unable to find element with locator id=fileupload. Trying to wait for element to load.
1519125498569	Marionette	DEBUG	Canceled page load listener because no navigation has been detected
[Browser] [ERROR] Unable to find element with locator xpath=html/body/div[1]/div/div/div/div[2]/div/div/div/div[2]/div/form/div/div[1]/div[2]/table/tbody/tr/td[5]/span/div/button. Trying to wait for element to load.
1519125511316	Marionette	DEBUG	Canceled page load listener because no navigation has been detected
1519125513699	Marionette	DEBUG	Canceled page load listener because no navigation has been detected
[Browser] [ERROR] Unable to find element with locator xpath=//input[@value='Confirm']. Trying to wait for element to load.
[Parent 25220] WARNING: pipe error: 109: file z:/build/build/src/ipc/chromium/src/chrome/common/ipc_channel_win.cc, line 346
[Parent 25220] WARNING: pipe error: 109: file z:/build/build/src/ipc/chromium/src/chrome/common/ipc_channel_win.cc, line 346
]]></system-err>
  </testcase>
</testsuite>